running egg_info
writing ../../build/voice2text/voice2text.egg-info/PKG-INFO
writing dependency_links to ../../build/voice2text/voice2text.egg-info/dependency_links.txt
writing entry points to ../../build/voice2text/voice2text.egg-info/entry_points.txt
writing requirements to ../../build/voice2text/voice2text.egg-info/requires.txt
writing top-level names to ../../build/voice2text/voice2text.egg-info/top_level.txt
reading manifest file '../../build/voice2text/voice2text.egg-info/SOURCES.txt'
writing manifest file '../../build/voice2text/voice2text.egg-info/SOURCES.txt'
running build
running build_py
copying voice2text/voice2text.py -> /home/yoo/workspace/dolchair_ws/build/voice2text/build/lib/voice2text
running install
running install_lib
copying /home/yoo/workspace/dolchair_ws/build/voice2text/build/lib/voice2text/voice2text.py -> /home/yoo/workspace/dolchair_ws/install/voice2text/lib/python3.10/site-packages/voice2text
byte-compiling /home/yoo/workspace/dolchair_ws/install/voice2text/lib/python3.10/site-packages/voice2text/voice2text.py to voice2text.cpython-310.pyc
running install_data
running install_egg_info
removing '/home/yoo/workspace/dolchair_ws/install/voice2text/lib/python3.10/site-packages/voice2text-0.0.0-py3.10.egg-info' (and everything under it)
Copying ../../build/voice2text/voice2text.egg-info to /home/yoo/workspace/dolchair_ws/install/voice2text/lib/python3.10/site-packages/voice2text-0.0.0-py3.10.egg-info
running install_scripts
Installing voice2text script to /home/yoo/workspace/dolchair_ws/install/voice2text/lib/voice2text
writing list of installed files to '/home/yoo/workspace/dolchair_ws/build/voice2text/install.log'
